0 info it worked if it ends with ok
1 verbose cli [ '/usr/bin/node', '/usr/bin/npm', 'build', 'init' ]
2 info using npm@3.5.2
3 info using node@v8.10.0
4 verbose config Skipping project config: /home/gajanan/.npmrc. (matches userconfig)
5 info build /home/gajanan/Desktop/Projects/web_d_2/basics/transpilation/src/init
6 verbose stack Error: ENOENT: no such file or directory, open '/home/gajanan/Desktop/Projects/web_d_2/basics/transpilation/src/init/package.json'
7 verbose cwd /home/gajanan/Desktop/Projects/web_d_2/basics/transpilation/src
8 error Linux 5.3.0-46-generic
9 error argv "/usr/bin/node" "/usr/bin/npm" "build" "init"
10 error node v8.10.0
11 error npm  v3.5.2
12 error path /home/gajanan/Desktop/Projects/web_d_2/basics/transpilation/src/init/package.json
13 error code ENOENT
14 error errno -2
15 error syscall open
16 error enoent ENOENT: no such file or directory, open '/home/gajanan/Desktop/Projects/web_d_2/basics/transpilation/src/init/package.json'
17 error enoent ENOENT: no such file or directory, open '/home/gajanan/Desktop/Projects/web_d_2/basics/transpilation/src/init/package.json'
17 error enoent This is most likely not a problem with npm itself
17 error enoent and is related to npm not being able to find a file.
18 verbose exit [ -2, true ]
